<?xml version="1.0" encoding="UTF-8"?>
<!-- Generated by org.testng.reporters.JUnitXMLReporter -->
<testsuite ignored="7" hostname="DESKTOP-B9HQEPC" failures="0" tests="8" name="Library WishList Tests" time="0.391" errors="0" timestamp="2025-05-25T02:17:44 EEST">
  <testcase classname="testcases.wishlists.TC01_CreateNewWishList" name="verifyCreateNewWishList_P" time="0.085"/>
  <testcase classname="testcases.wishlists.TC02_GetWishListById" name="verifyGetWishListById_P" time="0.05"/>
  <testcase classname="testcases.wishlists.TC03_UpdateWishList" name="verifyUpdateWishList_P" time="0.064"/>
  <testcase classname="testcases.wishlists.TC04_GetWishListById" name="verifyGetWishListById_P" time="0.041"/>
  <testcase classname="testcases.wishlists.TC05_PartialUpdateWishList" name="verifyPartialUpdateWishList_P" time="0.06"/>
  <testcase classname="testcases.wishlists.TC06_GetWishListById" name="verifyGetWishListById_P" time="0.044"/>
  <testcase classname="testcases.wishlists.TC07_DeleteWishList" name="verifyDeleteWishList_P" time="0.011"/>
  <testcase classname="testcases.wishlists.TC08_GetWishListById" name="verifyGetWishListById_P" time="0.018"/>
  <testcase classname="testcases.TestBase" name="@BeforeTest setUrl" time="0.0">
    <ignored/>
  </testcase> <!-- @BeforeTest setUrl -->
  <testcase classname="testcases.TestBase" name="@BeforeTest setUrl" time="0.0">
    <ignored/>
  </testcase> <!-- @BeforeTest setUrl -->
  <testcase classname="testcases.TestBase" name="@BeforeTest setUrl" time="0.0">
    <ignored/>
  </testcase> <!-- @BeforeTest setUrl -->
  <testcase classname="testcases.TestBase" name="@BeforeTest setUrl" time="0.0">
    <ignored/>
  </testcase> <!-- @BeforeTest setUrl -->
  <testcase classname="testcases.TestBase" name="@BeforeTest setUrl" time="0.0">
    <ignored/>
  </testcase> <!-- @BeforeTest setUrl -->
  <testcase classname="testcases.TestBase" name="@BeforeTest setUrl" time="0.0">
    <ignored/>
  </testcase> <!-- @BeforeTest setUrl -->
  <testcase classname="testcases.TestBase" name="@BeforeTest setUrl" time="0.0">
    <ignored/>
  </testcase> <!-- @BeforeTest setUrl -->
</testsuite> <!-- Library WishList Tests -->
