<?xml version="1.0" encoding="UTF-8"?>
<!-- Generated by org.testng.reporters.JUnitXMLReporter -->
<testsuite ignored="7" hostname="DESKTOP-B9HQEPC" failures="0" tests="8" name="Library User Tests" time="0.581" errors="0" timestamp="2025-05-24T21:10:42 EEST">
  <testcase classname="testcases.user.TC01_CreateNewUser" name="verifyCreateNewUser_P" time="0.129"/>
  <testcase classname="testcases.user.TC02_GetUserById" name="verifyGetUserById_P" time="0.08"/>
  <testcase classname="testcases.user.TC03_UpdateUser" name="verifyUpdateUser_P" time="0.095"/>
  <testcase classname="testcases.user.TC04_GetUserById" name="verifyGetUserById_P" time="0.05"/>
  <testcase classname="testcases.user.TC05_PartialUpdateUser" name="verifyPartialUpdateUser_P" time="0.069"/>
  <testcase classname="testcases.user.TC06_GetUserById" name="verifyGetUserById_P" time="0.05"/>
  <testcase classname="testcases.user.TC07_DeleteUser" name="verifyDeleteUser_P" time="0.012"/>
  <testcase classname="testcases.user.TC08_GetUserById" name="verifyGetUserById_P" time="0.02"/>
  <testcase classname="testcases.TestBase" name="@BeforeTest setUrl" time="0.0">
    <ignored/>
  </testcase> <!-- @BeforeTest setUrl -->
  <testcase classname="testcases.TestBase" name="@BeforeTest setUrl" time="0.0">
    <ignored/>
  </testcase> <!-- @BeforeTest setUrl -->
  <testcase classname="testcases.TestBase" name="@BeforeTest setUrl" time="0.0">
    <ignored/>
  </testcase> <!-- @BeforeTest setUrl -->
  <testcase classname="testcases.TestBase" name="@BeforeTest setUrl" time="0.0">
    <ignored/>
  </testcase> <!-- @BeforeTest setUrl -->
  <testcase classname="testcases.TestBase" name="@BeforeTest setUrl" time="0.0">
    <ignored/>
  </testcase> <!-- @BeforeTest setUrl -->
  <testcase classname="testcases.TestBase" name="@BeforeTest setUrl" time="0.0">
    <ignored/>
  </testcase> <!-- @BeforeTest setUrl -->
  <testcase classname="testcases.TestBase" name="@BeforeTest setUrl" time="0.0">
    <ignored/>
  </testcase> <!-- @BeforeTest setUrl -->
</testsuite> <!-- Library User Tests -->
