<?xml version="1.0" encoding="UTF-8"?>
<!-- Generated by org.testng.reporters.JUnitXMLReporter -->
<testsuite ignored="4" hostname="DESKTOP-B9HQEPC" failures="0" tests="6" name="New Book" time="4.097" errors="0" timestamp="2025-05-25T02:17:42 EEST">
  <testcase classname="testcases.books.TC01_CreateNewBook" name="verifyCreateNewBook_P" time="2.705"/>
  <testcase classname="testcases.books.TC02_GetBookById" name="verifyGetBookById_P" time="0.094"/>
  <testcase classname="testcases.books.TC03_UpdateBook" name="verifyUpdateBook_P" time="0.328"/>
  <testcase classname="testcases.books.TC04_PartialUpdateBook" name="verifyPartialUpdateBook_P" time="0.166"/>
  <testcase classname="testcases.books.TC05_DeleteBook" name="verifyDeleteBook_P" time="0.017"/>
  <testcase classname="testcases.books.TC02_GetBookById" name="verifyGetBookByIdAfterDeleting_P" time="0.061"/>
  <testcase classname="testcases.TestBase" name="@BeforeTest setUrl" time="0.0">
    <ignored/>
  </testcase> <!-- @BeforeTest setUrl -->
  <testcase classname="testcases.TestBase" name="@BeforeTest setUrl" time="0.0">
    <ignored/>
  </testcase> <!-- @BeforeTest setUrl -->
  <testcase classname="testcases.TestBase" name="@BeforeTest setUrl" time="0.0">
    <ignored/>
  </testcase> <!-- @BeforeTest setUrl -->
  <testcase classname="testcases.TestBase" name="@BeforeTest setUrl" time="0.0">
    <ignored/>
  </testcase> <!-- @BeforeTest setUrl -->
</testsuite> <!-- New Book -->
