<?xml version="1.0" encoding="UTF-8"?>
<!-- Generated by org.testng.reporters.JUnitXMLReporter -->
<testsuite ignored="4" hostname="DESKTOP-B9HQEPC" failures="0" tests="6" name="New Book" time="3.298" errors="0" timestamp="2025-05-24T21:10:41 EEST">
  <testcase classname="testcases.books.TC01_CreateNewBook" name="verifyCreateNewBook_P" time="2.265"/>
  <testcase classname="testcases.books.TC02_GetBookById" name="verifyGetBookById_P" time="0.09"/>
  <testcase classname="testcases.books.TC03_UpdateBook" name="verifyUpdateBook_P" time="0.214"/>
  <testcase classname="testcases.books.TC04_PartialUpdateBook" name="verifyPartialUpdateBook_P" time="0.106"/>
  <testcase classname="testcases.books.TC05_DeleteBook" name="verifyDeleteBook_P" time="0.014"/>
  <testcase classname="testcases.books.TC02_GetBookById" name="verifyGetBookByIdAfterDeleting_P" time="0.042"/>
  <testcase classname="testcases.TestBase" name="@BeforeTest setUrl" time="0.0">
    <ignored/>
  </testcase> <!-- @BeforeTest setUrl -->
  <testcase classname="testcases.TestBase" name="@BeforeTest setUrl" time="0.0">
    <ignored/>
  </testcase> <!-- @BeforeTest setUrl -->
  <testcase classname="testcases.TestBase" name="@BeforeTest setUrl" time="0.0">
    <ignored/>
  </testcase> <!-- @BeforeTest setUrl -->
  <testcase classname="testcases.TestBase" name="@BeforeTest setUrl" time="0.0">
    <ignored/>
  </testcase> <!-- @BeforeTest setUrl -->
</testsuite> <!-- New Book -->
