<?xml version="1.0" encoding="UTF-8"?>
<!-- Generated by org.testng.reporters.JUnitXMLReporter -->
<testsuite ignored="7" hostname="DESKTOP-B9HQEPC" failures="0" tests="8" name="Library User Tests" time="3.212" errors="0" timestamp="2025-05-18T21:12:38 EEST">
  <testcase classname="testcases.user.TC01_CreateNewUser" name="verifyCreateNewUser_P" time="1.994"/>
  <testcase classname="testcases.user.TC02_GetUserById" name="verifyGetUserById_P" time="0.09"/>
  <testcase classname="testcases.user.TC03_UpdateUser" name="verifyUpdateUser_P" time="0.095"/>
  <testcase classname="testcases.user.TC04_GetUserById" name="verifyGetUserById_P" time="0.065"/>
  <testcase classname="testcases.user.TC05_PartialUpdateUser" name="verifyPartialUpdateUser_P" time="0.093"/>
  <testcase classname="testcases.user.TC06_GetUserById" name="verifyGetUserById_P" time="0.055"/>
  <testcase classname="testcases.user.TC07_DeleteUser" name="verifyDeleteUser_P" time="0.04"/>
  <testcase classname="testcases.user.TC08_GetUserById" name="verifyGetUserById_P" time="0.017"/>
  <testcase classname="testcases.TestBase" name="@BeforeTest setUrl" time="0.0">
    <ignored/>
  </testcase> <!-- @BeforeTest setUrl -->
  <testcase classname="testcases.TestBase" name="@BeforeTest setUrl" time="0.0">
    <ignored/>
  </testcase> <!-- @BeforeTest setUrl -->
  <testcase classname="testcases.TestBase" name="@BeforeTest setUrl" time="0.0">
    <ignored/>
  </testcase> <!-- @BeforeTest setUrl -->
  <testcase classname="testcases.TestBase" name="@BeforeTest setUrl" time="0.0">
    <ignored/>
  </testcase> <!-- @BeforeTest setUrl -->
  <testcase classname="testcases.TestBase" name="@BeforeTest setUrl" time="0.0">
    <ignored/>
  </testcase> <!-- @BeforeTest setUrl -->
  <testcase classname="testcases.TestBase" name="@BeforeTest setUrl" time="0.0">
    <ignored/>
  </testcase> <!-- @BeforeTest setUrl -->
  <testcase classname="testcases.TestBase" name="@BeforeTest setUrl" time="0.0">
    <ignored/>
  </testcase> <!-- @BeforeTest setUrl -->
</testsuite> <!-- Library User Tests -->
