<?xml version="1.0" encoding="UTF-8"?>
<!-- Generated by org.testng.reporters.JUnitXMLReporter -->
<testsuite ignored="7" hostname="DESKTOP-B9HQEPC" failures="0" tests="8" name="Library HouseHold Tests" time="1.75" errors="0" timestamp="2025-05-17T13:22:14 EEST">
  <testcase classname="testcases.households.TC01_CreateNewHouseHold" name="verifyCreateNewHouseHold_P" time="1.174"/>
  <testcase classname="testcases.households.TC02_GetHouseHoldById" name="verifyGetHouseHoldById_P" time="0.056"/>
  <testcase classname="testcases.households.TC03_UpdateHouseHold" name="verifyUpdateHouseHold_P" time="0.049"/>
  <testcase classname="testcases.households.TC04_GetHouseHoldById" name="verifyGetHouseHoldById_P" time="0.035"/>
  <testcase classname="testcases.households.TC05_PartialUpdateHouseHold" name="verifyPartialUpdateHouseHold_P" time="0.043"/>
  <testcase classname="testcases.households.TC06_GetHouseHoldById" name="verifyGetHouseHoldById_P" time="0.032"/>
  <testcase classname="testcases.households.TC07_DeleteHouseHold" name="verifyDeleteHouseHold_P" time="0.011"/>
  <testcase classname="testcases.households.TC08_GetHouseHoldById" name="verifyGetHouseHoldById_P" time="0.015"/>
  <testcase classname="testcases.TestBase" name="@BeforeTest setUrl" time="0.0">
    <ignored/>
  </testcase> <!-- @BeforeTest setUrl -->
  <testcase classname="testcases.TestBase" name="@BeforeTest setUrl" time="0.0">
    <ignored/>
  </testcase> <!-- @BeforeTest setUrl -->
  <testcase classname="testcases.TestBase" name="@BeforeTest setUrl" time="0.0">
    <ignored/>
  </testcase> <!-- @BeforeTest setUrl -->
  <testcase classname="testcases.TestBase" name="@BeforeTest setUrl" time="0.0">
    <ignored/>
  </testcase> <!-- @BeforeTest setUrl -->
  <testcase classname="testcases.TestBase" name="@BeforeTest setUrl" time="0.0">
    <ignored/>
  </testcase> <!-- @BeforeTest setUrl -->
  <testcase classname="testcases.TestBase" name="@BeforeTest setUrl" time="0.0">
    <ignored/>
  </testcase> <!-- @BeforeTest setUrl -->
  <testcase classname="testcases.TestBase" name="@BeforeTest setUrl" time="0.0">
    <ignored/>
  </testcase> <!-- @BeforeTest setUrl -->
</testsuite> <!-- Library HouseHold Tests -->
