<?xml version="1.0" encoding="UTF-8"?>
<!-- Generated by org.testng.reporters.JUnitXMLReporter -->
<testsuite ignored="4" hostname="DESKTOP-B9HQEPC" failures="0" tests="6" name="New Book" time="3.218" errors="0" timestamp="2025-05-19T01:01:50 EEST">
  <testcase classname="testcases.books.TC01_CreateNewBook" name="verifyCreateNewBook_P" time="2.062"/>
  <testcase classname="testcases.books.TC02_GetBookById" name="verifyGetBookById_P" time="0.106"/>
  <testcase classname="testcases.books.TC03_UpdateBook" name="verifyUpdateBook_P" time="0.137"/>
  <testcase classname="testcases.books.TC04_PartialUpdateBook" name="verifyPartialUpdateBook_P" time="0.12"/>
  <testcase classname="testcases.books.TC05_DeleteBook" name="verifyDeleteBook_P" time="0.015"/>
  <testcase classname="testcases.books.TC02_GetBookById" name="verifyGetBookByIdAfterDeleting_P" time="0.078"/>
  <testcase classname="testcases.TestBase" name="@BeforeTest setUrl" time="0.0">
    <ignored/>
  </testcase> <!-- @BeforeTest setUrl -->
  <testcase classname="testcases.TestBase" name="@BeforeTest setUrl" time="0.0">
    <ignored/>
  </testcase> <!-- @BeforeTest setUrl -->
  <testcase classname="testcases.TestBase" name="@BeforeTest setUrl" time="0.0">
    <ignored/>
  </testcase> <!-- @BeforeTest setUrl -->
  <testcase classname="testcases.TestBase" name="@BeforeTest setUrl" time="0.0">
    <ignored/>
  </testcase> <!-- @BeforeTest setUrl -->
</testsuite> <!-- New Book -->
