<?xml version="1.0" encoding="UTF-8"?>
<!-- Generated by org.testng.reporters.JUnitXMLReporter -->
<testsuite ignored="2" hostname="DESKTOP-B9HQEPC" failures="0" tests="2" name="partial update" time="0.201" errors="0" timestamp="2025-05-18T21:13:24 EEST">
  <testcase classname="testcases.books.TC02_GetBookById" name="verifyGetBookById_P" time="0.077"/>
  <testcase classname="testcases.books.TC04_PartialUpdateBook" name="verifyPartialUpdateBook_P" time="0.12"/>
  <testcase classname="testcases.books.TC02_GetBookById" name="verifyGetBookByIdAfterDeleting_P" time="0.0">
    <ignored/>
  </testcase> <!-- verifyGetBookByIdAfterDeleting_P -->
  <testcase classname="testcases.TestBase" name="@BeforeTest setUrl" time="0.0">
    <ignored/>
  </testcase> <!-- @BeforeTest setUrl -->
</testsuite> <!-- partial update -->
