<?xml version="1.0" encoding="UTF-8"?>
<!-- Generated by org.testng.reporters.JUnitXMLReporter -->
<testsuite ignored="2" hostname="DESKTOP-B9HQEPC" failures="0" tests="2" name="Update Book And Retrieving Data" time="0.21" errors="0" timestamp="2025-05-18T21:15:30 EEST">
  <testcase classname="testcases.books.TC02_GetBookById" name="verifyGetBookById_P" time="0.078"/>
  <testcase classname="testcases.books.TC03_UpdateBook" name="verifyUpdateBook_P" time="0.127"/>
  <testcase classname="testcases.TestBase" name="@BeforeTest setUrl" time="0.0">
    <ignored/>
  </testcase> <!-- @BeforeTest setUrl -->
  <testcase classname="testcases.books.TC02_GetBookById" name="verifyGetBookByIdAfterDeleting_P" time="0.0">
    <ignored/>
  </testcase> <!-- verifyGetBookByIdAfterDeleting_P -->
</testsuite> <!-- Update Book And Retrieving Data -->
