<?xml version="1.0" encoding="UTF-8"?>
<!-- Generated by org.testng.reporters.JUnitXMLReporter -->
<testsuite ignored="3" hostname="DESKTOP-B9HQEPC" failures="0" tests="1" name="update" time="0.249" errors="0" timestamp="2025-05-18T21:13:24 EEST">
  <testcase classname="testcases.books.TC03_UpdateBook" name="verifyUpdateBook_P" time="0.246"/>
  <testcase classname="testcases.books.TC02_GetBookById" name="verifyGetBookByIdAfterDeleting_P" time="0.0">
    <ignored/>
  </testcase> <!-- verifyGetBookByIdAfterDeleting_P -->
  <testcase classname="testcases.TestBase" name="@BeforeTest setUrl" time="0.0">
    <ignored/>
  </testcase> <!-- @BeforeTest setUrl -->
  <testcase classname="testcases.books.TC02_GetBookById" name="verifyGetBookById_P" time="0.0">
    <ignored/>
  </testcase> <!-- verifyGetBookById_P -->
</testsuite> <!-- update -->
