<?xml version="1.0" encoding="UTF-8"?>
<!-- Generated by org.testng.reporters.JUnitXMLReporter -->
<testsuite ignored="6" hostname="DESKTOP-B9HQEPC" failures="0" tests="10" name="External Data" time="0.652" errors="0" timestamp="2025-05-25T02:17:44 EEST">
  <testcase classname="testcases.externaldata.TC01_CreateNewBook_DataFaker" name="validateCreateNewBookWithFakerData_P" time="0.057"/>
  <testcase classname="testcases.externaldata.TC02_CreateNewBook_RandomMethod" name="validateCreateRandomMethod_P" time="0.035"/>
  <testcase classname="testcases.externaldata.TC03_CreateNewBook_ReadExcelSheet_1" name="validateCreateNewBookWithReadingFromExcelSheet_P" time="0.186"/>
  <testcase classname="testcases.externaldata.TC04_CreateNewBook_ReadExcelSheet_2" name="validateCreateNewBookWithReadingFromExcelSheet_P" time="0.053"/>
  <testcase classname="testcases.externaldata.TC05_CreateNewBookWithDataProviderExcel" name="createNewBookWithDataProviderExcel" time="0.039"/>
  <testcase classname="testcases.externaldata.TC05_CreateNewBookWithDataProviderExcel" name="createNewBookWithDataProviderExcel" time="0.04"/>
  <testcase classname="testcases.externaldata.TC05_CreateNewBookWithDataProviderExcel" name="createNewBookWithDataProviderExcel" time="0.04"/>
  <testcase classname="testcases.externaldata.TC06_CreateNewBookWithDataProviderJson" name="createNewBookWithWithDataProviderJson" time="0.053"/>
  <testcase classname="testcases.externaldata.TC06_CreateNewBookWithDataProviderJson" name="createNewBookWithWithDataProviderJson" time="0.047"/>
  <testcase classname="testcases.externaldata.TC07_CreateNewBook_ReadJsonFile" name="validateCreateNewBookWithReadFromJsonFile_P" time="0.048"/>
  <testcase classname="testcases.TestBase" name="@BeforeTest setUrl" time="0.0">
    <ignored/>
  </testcase> <!-- @BeforeTest setUrl -->
  <testcase classname="testcases.TestBase" name="@BeforeTest setUrl" time="0.0">
    <ignored/>
  </testcase> <!-- @BeforeTest setUrl -->
  <testcase classname="testcases.TestBase" name="@BeforeTest setUrl" time="0.0">
    <ignored/>
  </testcase> <!-- @BeforeTest setUrl -->
  <testcase classname="testcases.TestBase" name="@BeforeTest setUrl" time="0.0">
    <ignored/>
  </testcase> <!-- @BeforeTest setUrl -->
  <testcase classname="testcases.TestBase" name="@BeforeTest setUrl" time="0.0">
    <ignored/>
  </testcase> <!-- @BeforeTest setUrl -->
  <testcase classname="testcases.TestBase" name="@BeforeTest setUrl" time="0.0">
    <ignored/>
  </testcase> <!-- @BeforeTest setUrl -->
</testsuite> <!-- External Data -->
