<?xml version="1.0" encoding="UTF-8"?>
<!-- Generated by org.testng.reporters.JUnitXMLReporter -->
<testsuite ignored="6" hostname="DESKTOP-B9HQEPC" failures="0" tests="10" name="External Data" time="0.587" errors="0" timestamp="2025-05-24T21:10:43 EEST">
  <testcase classname="testcases.externaldata.TC01_CreateNewBook_DataFaker" name="validateCreateNewBookWithFakerData_P" time="0.032"/>
  <testcase classname="testcases.externaldata.TC02_CreateNewBook_RandomMethod" name="validateCreateRandomMethod_P" time="0.029"/>
  <testcase classname="testcases.externaldata.TC03_CreateNewBook_ReadExcelSheet_1" name="validateCreateNewBookWithReadingFromExcelSheet_P" time="0.189"/>
  <testcase classname="testcases.externaldata.TC04_CreateNewBook_ReadExcelSheet_2" name="validateCreateNewBookWithReadingFromExcelSheet_P" time="0.055"/>
  <testcase classname="testcases.externaldata.TC05_CreateNewBookWithDataProviderExcel" name="createNewBookWithDataProviderExcel" time="0.042"/>
  <testcase classname="testcases.externaldata.TC05_CreateNewBookWithDataProviderExcel" name="createNewBookWithDataProviderExcel" time="0.033"/>
  <testcase classname="testcases.externaldata.TC05_CreateNewBookWithDataProviderExcel" name="createNewBookWithDataProviderExcel" time="0.03"/>
  <testcase classname="testcases.externaldata.TC06_CreateNewBookWithDataProviderJson" name="createNewBookWithWithDataProviderJson" time="0.043"/>
  <testcase classname="testcases.externaldata.TC06_CreateNewBookWithDataProviderJson" name="createNewBookWithWithDataProviderJson" time="0.035"/>
  <testcase classname="testcases.externaldata.TC07_CreateNewBook_ReadJsonFile" name="validateCreateNewBookWithReadFromJsonFile_P" time="0.038"/>
  <testcase classname="testcases.TestBase" name="@BeforeTest setUrl" time="0.0">
    <ignored/>
  </testcase> <!-- @BeforeTest setUrl -->
  <testcase classname="testcases.TestBase" name="@BeforeTest setUrl" time="0.0">
    <ignored/>
  </testcase> <!-- @BeforeTest setUrl -->
  <testcase classname="testcases.TestBase" name="@BeforeTest setUrl" time="0.0">
    <ignored/>
  </testcase> <!-- @BeforeTest setUrl -->
  <testcase classname="testcases.TestBase" name="@BeforeTest setUrl" time="0.0">
    <ignored/>
  </testcase> <!-- @BeforeTest setUrl -->
  <testcase classname="testcases.TestBase" name="@BeforeTest setUrl" time="0.0">
    <ignored/>
  </testcase> <!-- @BeforeTest setUrl -->
  <testcase classname="testcases.TestBase" name="@BeforeTest setUrl" time="0.0">
    <ignored/>
  </testcase> <!-- @BeforeTest setUrl -->
</testsuite> <!-- External Data -->
